<?xml version="1.0" encoding="UTF-8"?>
<testsuite xmlns:xsi="http://www.w3.org/2001/XMLSchema-instance" xsi:noNamespaceSchemaLocation="https://maven.apache.org/surefire/maven-surefire-plugin/xsd/surefire-test-report.xsd" name="com.was.AppTest" time="0.006" tests="1" errors="0" skipped="0" failures="0">
  <properties>
    <property name="sun.desktop" value="windows"/>
    <property name="awt.toolkit" value="sun.awt.windows.WToolkit"/>
    <property name="file.encoding.pkg" value="sun.io"/>
    <property name="java.specification.version" value="1.8"/>
    <property name="sun.cpu.isalist" value="amd64"/>
    <property name="sun.jnu.encoding" value="MS949"/>
    <property name="java.class.path" value="C:\Users\jungsoo_cho\git\was\target\test-classes;C:\Users\jungsoo_cho\git\was\target\classes;C:\Users\jungsoo_cho\.m2\repository\junit\junit\4.11\junit-4.11.jar;C:\Users\jungsoo_cho\.m2\repository\org\hamcrest\hamcrest-core\1.3\hamcrest-core-1.3.jar;"/>
    <property name="java.vm.vendor" value=""/>
    <property name="sun.arch.data.model" value="64"/>
    <property name="user.variant" value=""/>
    <property name="java.vendor.url" value="http://java.oracle.com/"/>
    <property name="user.timezone" value="Asia/Seoul"/>
    <property name="java.vm.specification.version" value="1.8"/>
    <property name="os.name" value="Windows 10"/>
    <property name="user.country" value="KR"/>
    <property name="sun.java.launcher" value="SUN_STANDARD"/>
    <property name="sun.boot.library.path" value="C:\Program Files\openjdk\openjdk-1.8.0_242-1\jre\bin"/>
    <property name="sun.java.command" value="C:\Users\JUNGSO~1\AppData\Local\Temp\surefire8964259387904616554\surefirebooter8641623739140566813.jar C:\Users\jungsoo_cho\AppData\Local\Temp\surefire8964259387904616554 2022-11-25T16-52-06_765-jvmRun1 surefire2301823626107505337tmp surefire_0457110809532992071tmp"/>
    <property name="surefire.test.class.path" value="C:\Users\jungsoo_cho\git\was\target\test-classes;C:\Users\jungsoo_cho\git\was\target\classes;C:\Users\jungsoo_cho\.m2\repository\junit\junit\4.11\junit-4.11.jar;C:\Users\jungsoo_cho\.m2\repository\org\hamcrest\hamcrest-core\1.3\hamcrest-core-1.3.jar;"/>
    <property name="sun.cpu.endian" value="little"/>
    <property name="user.home" value="C:\Users\jungsoo_cho"/>
    <property name="user.language" value="ko"/>
    <property name="java.specification.vendor" value="Oracle Corporation"/>
    <property name="java.home" value="C:\Program Files\openjdk\openjdk-1.8.0_242-1\jre"/>
    <property name="basedir" value="C:\Users\jungsoo_cho\git\was"/>
    <property name="file.separator" value="\"/>
    <property name="line.separator" value="&#10;"/>
    <property name="java.vm.specification.vendor" value="Oracle Corporation"/>
    <property name="java.specification.name" value="Java Platform API Specification"/>
    <property name="java.awt.graphicsenv" value="sun.awt.Win32GraphicsEnvironment"/>
    <property name="surefire.real.class.path" value="C:\Users\JUNGSO~1\AppData\Local\Temp\surefire8964259387904616554\surefirebooter8641623739140566813.jar"/>
    <property name="sun.boot.class.path" value="C:\Program Files\openjdk\openjdk-1.8.0_242-1\jre\lib\resources.jar;C:\Program Files\openjdk\openjdk-1.8.0_242-1\jre\lib\rt.jar;C:\Program Files\openjdk\openjdk-1.8.0_242-1\jre\lib\sunrsasign.jar;C:\Program Files\openjdk\openjdk-1.8.0_242-1\jre\lib\jsse.jar;C:\Program Files\openjdk\openjdk-1.8.0_242-1\jre\lib\jce.jar;C:\Program Files\openjdk\openjdk-1.8.0_242-1\jre\lib\charsets.jar;C:\Program Files\openjdk\openjdk-1.8.0_242-1\jre\lib\jfr.jar;C:\Program Files\openjdk\openjdk-1.8.0_242-1\jre\classes"/>
    <property name="user.script" value=""/>
    <property name="sun.management.compiler" value="HotSpot 64-Bit Tiered Compilers"/>
    <property name="java.runtime.version" value="1.8.0_242-b08"/>
    <property name="user.name" value="jungsoo_cho"/>
    <property name="path.separator" value=";"/>
    <property name="os.version" value="10.0"/>
    <property name="java.endorsed.dirs" value="C:\Program Files\openjdk\openjdk-1.8.0_242-1\jre\lib\endorsed"/>
    <property name="java.runtime.name" value="OpenJDK Runtime Environment"/>
    <property name="file.encoding" value="MS949"/>
    <property name="java.vm.name" value="OpenJDK 64-Bit Server VM"/>
    <property name="localRepository" value="C:\Users\jungsoo_cho\.m2\repository"/>
    <property name="java.vendor.url.bug" value="http://bugreport.sun.com/bugreport/"/>
    <property name="java.io.tmpdir" value="C:\Users\JUNGSO~1\AppData\Local\Temp\"/>
    <property name="java.version" value="1.8.0_242"/>
    <property name="user.dir" value="C:\Users\jungsoo_cho\git\was"/>
    <property name="os.arch" value="amd64"/>
    <property name="java.vm.specification.name" value="Java Virtual Machine Specification"/>
    <property name="java.awt.printerjob" value="sun.awt.windows.WPrinterJob"/>
    <property name="sun.os.patch.level" value=""/>
    <property name="java.library.path" value="C:\Program Files\openjdk\openjdk-1.8.0_242-1\jre\bin;C:\WINDOWS\Sun\Java\bin;C:\WINDOWS\system32;C:\WINDOWS;C:\Anaconda3;C:\Anaconda3\Library\mingw-w64\bin;C:\Anaconda3\Library\usr\bin;C:\Anaconda3\Library\bin;C:\Anaconda3\Scripts;C:\Program Files\openjdk\openjdk-1.8.0_242-1\bin;C:\Program Files (x86)\Common Files\Oracle\Java\javapath;C:\WINDOWS\system32;C:\WINDOWS;C:\WINDOWS\System32\Wbem;C:\WINDOWS\System32\WindowsPowerShell\v1.0\;C:\WINDOWS\System32\OpenSSH\;C:\Program Files\openjdk\openjdk-1.8.0_242-1\bin;C:\apache-maven-3.8.6\bin;C:\Program Files\Microsoft VS Code\bin;C:\Program Files\Git\cmd;C:\Program Files\PuTTY\;C:\Gradle\bin;C:\Program Files\Docker\Docker\resources\bin;C:\ProgramData\DockerDesktop\version-bin;C:\Program Files\Go\bin;C:\Program Files\nodejs\;C:\Users\jungsoo_cho\AppData\Local\Microsoft\WindowsApps;C:\Program Files\Bandizip\;C:\Users\jungsoo_cho\AppData\Local\atom\bin;C:\Program Files\JetBrains\IntelliJ IDEA Community Edition 2021.1.1\bin;;C:\Users\jungsoo_cho\AppData\Local\Microsoft\WindowsApps;;C:\Program Files\JetBrains\IntelliJ IDEA 2021.2.2\bin;;C:\Users\jungsoo_cho\go\bin;C:\Users\jungsoo_cho\AppData\Roaming\npm;."/>
    <property name="java.vm.info" value="mixed mode"/>
    <property name="java.vendor" value="Oracle Corporation"/>
    <property name="java.vm.version" value="25.242-b08"/>
    <property name="java.ext.dirs" value="C:\Program Files\openjdk\openjdk-1.8.0_242-1\jre\lib\ext;C:\WINDOWS\Sun\Java\lib\ext"/>
    <property name="sun.io.unicode.encoding" value="UnicodeLittle"/>
    <property name="java.class.version" value="52.0"/>
  </properties>
  <testcase name="shouldAnswerWithTrue" classname="com.was.AppTest" time="0"/>
</testsuite>